<?xml version="1.0" encoding="UTF-8"?>
<testng-results ignored="2" total="7" passed="5" failed="0" skipped="0">
  <reporter-output>
  </reporter-output>
  <suite started-at="2025-04-21T20:20:46 AST" name="Default suite" finished-at="2025-04-21T20:21:11 AST" duration-ms="24755">
    <groups>
    </groups>
    <test started-at="2025-04-21T20:20:46 AST" name="Default test" finished-at="2025-04-21T20:21:11 AST" duration-ms="24755">
      <class name="codenboxautomationlab1.codenboxautomationlab1.AppTest">
        <test-method is-config="true" signature="mySetup()[pri:0, instance:codenboxautomationlab1.codenboxautomationlab1.AppTest@1d470d0]" started-at="2025-04-21T20:20:46 AST" name="mySetup" finished-at="2025-04-21T20:21:01 AST" duration-ms="14032" status="PASS">
          <reporter-output>
          </reporter-output>
        </test-method> <!-- mySetup -->
        <test-method signature="SelectTest()[pri:3, instance:codenboxautomationlab1.codenboxautomationlab1.AppTest@1d470d0]" started-at="2025-04-21T20:21:01 AST" name="SelectTest" finished-at="2025-04-21T20:21:03 AST" duration-ms="2207" status="PASS">
          <reporter-output>
          </reporter-output>
        </test-method> <!-- SelectTest -->
        <test-method signature="SelectTest()[pri:3, instance:codenboxautomationlab1.codenboxautomationlab1.AppTest@1d470d0]" started-at="2025-04-21T20:21:03 AST" name="SelectTest" finished-at="2025-04-21T20:21:05 AST" duration-ms="2112" status="PASS">
          <reporter-output>
          </reporter-output>
        </test-method> <!-- SelectTest -->
        <test-method signature="SelectTest()[pri:3, instance:codenboxautomationlab1.codenboxautomationlab1.AppTest@1d470d0]" started-at="2025-04-21T20:21:05 AST" name="SelectTest" finished-at="2025-04-21T20:21:07 AST" duration-ms="2109" status="PASS">
          <reporter-output>
          </reporter-output>
        </test-method> <!-- SelectTest -->
        <test-method signature="SelectTest()[pri:3, instance:codenboxautomationlab1.codenboxautomationlab1.AppTest@1d470d0]" started-at="2025-04-21T20:21:07 AST" name="SelectTest" finished-at="2025-04-21T20:21:09 AST" duration-ms="2106" status="PASS">
          <reporter-output>
          </reporter-output>
        </test-method> <!-- SelectTest -->
        <test-method signature="SelectTest()[pri:3, instance:codenboxautomationlab1.codenboxautomationlab1.AppTest@1d470d0]" started-at="2025-04-21T20:21:09 AST" name="SelectTest" finished-at="2025-04-21T20:21:11 AST" duration-ms="2133" status="PASS">
          <reporter-output>
          </reporter-output>
        </test-method> <!-- SelectTest -->
      </class> <!-- codenboxautomationlab1.codenboxautomationlab1.AppTest -->
    </test> <!-- Default test -->
  </suite> <!-- Default suite -->
</testng-results>
