<?xml version="1.0" encoding="UTF-8"?>
<!-- Generated by org.testng.reporters.JUnitXMLReporter -->
<testsuite ignored="2" hostname="Arafeh" failures="0" tests="5" name="Default test" time="24.755" errors="0" timestamp="2025-04-21T20:21:11 AST">
  <testcase classname="codenboxautomationlab1.codenboxautomationlab1.AppTest" name="SelectTest" time="2.207"/>
  <testcase classname="codenboxautomationlab1.codenboxautomationlab1.AppTest" name="SelectTest" time="2.112"/>
  <testcase classname="codenboxautomationlab1.codenboxautomationlab1.AppTest" name="SelectTest" time="2.109"/>
  <testcase classname="codenboxautomationlab1.codenboxautomationlab1.AppTest" name="SelectTest" time="2.106"/>
  <testcase classname="codenboxautomationlab1.codenboxautomationlab1.AppTest" name="SelectTest" time="2.133"/>
  <testcase classname="codenboxautomationlab1.codenboxautomationlab1.AppTest" name="RadioButton" time="0.0">
    <ignored/>
  </testcase> <!-- RadioButton -->
  <testcase classname="codenboxautomationlab1.codenboxautomationlab1.AppTest" name="Dynamic_Dropdown" time="0.0">
    <ignored/>
  </testcase> <!-- Dynamic_Dropdown -->
</testsuite> <!-- Default test -->
